<?xml version="1.0" encoding="UTF-8"?>
<!-- Generated by org.testng.reporters.JUnitXMLReporter -->
<testsuite hostname="MININT-KA5C7LA" name="Default test" tests="3" failures="0" timestamp="1 Aug 2013 19:54:30 GMT" time="0.04" errors="0">
  <testcase name="pruebaCargaArchivo" time="0.01" classname="com.ts.main.InterpreteComandos"/>
  <testcase name="pruebaParseComandos" time="0.0" classname="com.ts.main.InterpreteComandos"/>
  <testcase name="pruebaParseEspacios" time="0.0" classname="com.ts.main.InterpreteComandos"/>
</testsuite> <!-- Default test -->
