<?xml version="1.0" encoding="UTF-8"?>
<testng-results skipped="0" failed="0" total="3" passed="3">
  <reporter-output>
  </reporter-output>
  <suite name="Default suite" duration-ms="40" started-at="2013-08-01T19:54:30Z" finished-at="2013-08-01T19:54:30Z">
    <groups>
    </groups>
    <test name="Default test" duration-ms="40" started-at="2013-08-01T19:54:30Z" finished-at="2013-08-01T19:54:30Z">
      <class name="com.ts.main.InterpreteComandos">
        <test-method status="PASS" signature="setUp()[pri:0, instance:com.ts.main.InterpreteComandos@26e35d06]" name="setUp" is-config="true" duration-ms="0" started-at="2013-08-01T13:54:30Z" finished-at="2013-08-01T13:54:30Z">
          <reporter-output>
          </reporter-output>
        </test-method> <!-- setUp -->
        <test-method status="PASS" signature="pruebaCargaArchivo()[pri:0, instance:com.ts.main.InterpreteComandos@26e35d06]" name="pruebaCargaArchivo" duration-ms="10" started-at="2013-08-01T13:54:30Z" finished-at="2013-08-01T13:54:30Z">
          <reporter-output>
          </reporter-output>
        </test-method> <!-- pruebaCargaArchivo -->
        <test-method status="PASS" signature="pruebaParseComandos()[pri:0, instance:com.ts.main.InterpreteComandos@26e35d06]" name="pruebaParseComandos" duration-ms="0" started-at="2013-08-01T13:54:30Z" finished-at="2013-08-01T13:54:30Z">
          <reporter-output>
          </reporter-output>
        </test-method> <!-- pruebaParseComandos -->
        <test-method status="PASS" signature="pruebaParseEspacios()[pri:0, instance:com.ts.main.InterpreteComandos@26e35d06]" name="pruebaParseEspacios" duration-ms="0" started-at="2013-08-01T13:54:30Z" finished-at="2013-08-01T13:54:30Z">
          <reporter-output>
          </reporter-output>
        </test-method> <!-- pruebaParseEspacios -->
      </class> <!-- com.ts.main.InterpreteComandos -->
    </test> <!-- Default test -->
  </suite> <!-- Default suite -->
</testng-results>
